  [1m[36m (27.6ms)[0m  [1mCREATE TABLE `schema_migrations` (`version` varchar(255) NOT NULL) ENGINE=InnoDB[0m
  [1m[35m (12.4ms)[0m  CREATE UNIQUE INDEX `unique_schema_migrations`  ON `schema_migrations` (`version`) 
  [1m[36mActiveRecord::SchemaMigration Load (0.4ms)[0m  [1mSELECT `schema_migrations`.* FROM `schema_migrations`[0m
Migrating to CreateUsers (20141008044107)
  [1m[35m (25.3ms)[0m  CREATE TABLE `users` (`id` int(11) auto_increment PRIMARY KEY, `username` varchar(35) NOT NULL, `email` varchar(100) NOT NULL, `first_name` varchar(255) DEFAULT '', `last_name` varchar(255), `created_at` datetime, `updated_at` datetime) ENGINE=InnoDB
  [1m[36m (0.2ms)[0m  [1mBEGIN[0m
  [1m[35mSQL (0.6ms)[0m  INSERT INTO `schema_migrations` (`version`) VALUES ('20141008044107')
  [1m[36m (6.3ms)[0m  [1mCOMMIT[0m
Migrating to CreateAccounts (20141008044919)
  [1m[35m (0.5ms)[0m  CREATE TABLE `accounts` (`id` int(11) auto_increment PRIMARY KEY, `name` varchar(35) NOT NULL, `balance` int(11) DEFAULT 0, `description` text DEFAULT '', `created_at` datetime, `updated_at` datetime) ENGINE=InnoDB
Mysql2::Error: BLOB/TEXT column 'description' can't have a default value: CREATE TABLE `accounts` (`id` int(11) auto_increment PRIMARY KEY, `name` varchar(35) NOT NULL, `balance` int(11) DEFAULT 0, `description` text DEFAULT '', `created_at` datetime, `updated_at` datetime) ENGINE=InnoDB
  [1m[36m (0.3ms)[0m  [1mSELECT version FROM schema_migrations[0m
  [1m[36mActiveRecord::SchemaMigration Load (0.4ms)[0m  [1mSELECT `schema_migrations`.* FROM `schema_migrations`[0m
  [1m[35mActiveRecord::SchemaMigration Load (0.2ms)[0m  SELECT `schema_migrations`.* FROM `schema_migrations`
  [1m[36mActiveRecord::SchemaMigration Load (0.2ms)[0m  [1mSELECT `schema_migrations`.* FROM `schema_migrations`[0m
Migrating to CreateAccounts (20141008044919)
  [1m[36mActiveRecord::SchemaMigration Load (0.2ms)[0m  [1mSELECT `schema_migrations`.* FROM `schema_migrations`[0m
  [1m[35mActiveRecord::SchemaMigration Load (0.2ms)[0m  SELECT `schema_migrations`.* FROM `schema_migrations`
  [1m[36mActiveRecord::SchemaMigration Load (0.2ms)[0m  [1mSELECT `schema_migrations`.* FROM `schema_migrations`[0m
Migrating to CreateAccounts (20141008044919)
  [1m[36mActiveRecord::SchemaMigration Load (0.3ms)[0m  [1mSELECT `schema_migrations`.* FROM `schema_migrations`[0m
  [1m[35mActiveRecord::SchemaMigration Load (0.2ms)[0m  SELECT `schema_migrations`.* FROM `schema_migrations`
  [1m[36mActiveRecord::SchemaMigration Load (0.3ms)[0m  [1mSELECT `schema_migrations`.* FROM `schema_migrations`[0m
Migrating to CreateAccounts (20141008044919)
Mysql2::Error: Table 'budgeting_tool_development.accounts' doesn't exist: SHOW FULL FIELDS FROM `accounts`
  [1m[36mActiveRecord::SchemaMigration Load (0.3ms)[0m  [1mSELECT `schema_migrations`.* FROM `schema_migrations`[0m
  [1m[35mActiveRecord::SchemaMigration Load (0.3ms)[0m  SELECT `schema_migrations`.* FROM `schema_migrations`
  [1m[36mActiveRecord::SchemaMigration Load (0.3ms)[0m  [1mSELECT `schema_migrations`.* FROM `schema_migrations`[0m
Migrating to CreateAccounts (20141008044919)
  [1m[35m (26.3ms)[0m  CREATE TABLE `accounts` (`id` int(11) auto_increment PRIMARY KEY, `name` varchar(35) NOT NULL, `balance` int(11) DEFAULT 0, `description` text, `created_at` datetime, `updated_at` datetime) ENGINE=InnoDB
  [1m[36m (0.5ms)[0m  [1mCREATE  INDEX `index_accounts_on_user_id`  ON `accounts` (`user_id`) [0m
Mysql2::Error: Key column 'user_id' doesn't exist in table: CREATE  INDEX `index_accounts_on_user_id`  ON `accounts` (`user_id`) 
  [1m[36mActiveRecord::SchemaMigration Load (0.3ms)[0m  [1mSELECT `schema_migrations`.* FROM `schema_migrations`[0m
  [1m[35mActiveRecord::SchemaMigration Load (0.2ms)[0m  SELECT `schema_migrations`.* FROM `schema_migrations`
  [1m[36mActiveRecord::SchemaMigration Load (0.2ms)[0m  [1mSELECT `schema_migrations`.* FROM `schema_migrations`[0m
Migrating to CreateAccounts (20141008044919)
  [1m[35m (0.4ms)[0m  CREATE TABLE `accounts` (`id` int(11) auto_increment PRIMARY KEY, `user_id` int(11) NOT NULL, `name` varchar(35) NOT NULL, `balance` int(11) DEFAULT 0, `description` text, `created_at` datetime, `updated_at` datetime) ENGINE=InnoDB
Mysql2::Error: Table 'accounts' already exists: CREATE TABLE `accounts` (`id` int(11) auto_increment PRIMARY KEY, `user_id` int(11) NOT NULL, `name` varchar(35) NOT NULL, `balance` int(11) DEFAULT 0, `description` text, `created_at` datetime, `updated_at` datetime) ENGINE=InnoDB
  [1m[36m (0.2ms)[0m  [1mSELECT version FROM schema_migrations[0m
  [1m[36mActiveRecord::SchemaMigration Load (0.3ms)[0m  [1mSELECT `schema_migrations`.* FROM `schema_migrations`[0m
  [1m[35mActiveRecord::SchemaMigration Load (0.3ms)[0m  SELECT `schema_migrations`.* FROM `schema_migrations`
  [1m[36mActiveRecord::SchemaMigration Load (0.4ms)[0m  [1mSELECT `schema_migrations`.* FROM `schema_migrations`[0m
  [1m[35mActiveRecord::SchemaMigration Load (0.3ms)[0m  SELECT `schema_migrations`.* FROM `schema_migrations`
  [1m[36mActiveRecord::SchemaMigration Load (0.3ms)[0m  [1mSELECT `schema_migrations`.* FROM `schema_migrations`[0m
  [1m[35mActiveRecord::SchemaMigration Load (0.2ms)[0m  SELECT `schema_migrations`.* FROM `schema_migrations`
  [1m[36mActiveRecord::SchemaMigration Load (0.2ms)[0m  [1mSELECT `schema_migrations`.* FROM `schema_migrations`[0m
Migrating to CreateAccounts (20141008044919)
  [1m[35m (0.4ms)[0m  CREATE TABLE `accounts` (`id` int(11) auto_increment PRIMARY KEY, `user_id` int(11) NOT NULL, `name` varchar(35) NOT NULL, `balance` int(11) DEFAULT 0, `description` text, `created_at` datetime, `updated_at` datetime) ENGINE=InnoDB
Mysql2::Error: Table 'accounts' already exists: CREATE TABLE `accounts` (`id` int(11) auto_increment PRIMARY KEY, `user_id` int(11) NOT NULL, `name` varchar(35) NOT NULL, `balance` int(11) DEFAULT 0, `description` text, `created_at` datetime, `updated_at` datetime) ENGINE=InnoDB
  [1m[36mActiveRecord::SchemaMigration Load (0.3ms)[0m  [1mSELECT `schema_migrations`.* FROM `schema_migrations`[0m
  [1m[35mActiveRecord::SchemaMigration Load (0.2ms)[0m  SELECT `schema_migrations`.* FROM `schema_migrations`
  [1m[36mActiveRecord::SchemaMigration Load (0.2ms)[0m  [1mSELECT `schema_migrations`.* FROM `schema_migrations`[0m
  [1m[35mActiveRecord::SchemaMigration Load (0.3ms)[0m  SELECT `schema_migrations`.* FROM `schema_migrations`
  [1m[36mActiveRecord::SchemaMigration Load (0.3ms)[0m  [1mSELECT `schema_migrations`.* FROM `schema_migrations`[0m
  [1m[35mActiveRecord::SchemaMigration Load (0.2ms)[0m  SELECT `schema_migrations`.* FROM `schema_migrations`
  [1m[36mActiveRecord::SchemaMigration Load (0.2ms)[0m  [1mSELECT `schema_migrations`.* FROM `schema_migrations`[0m
Migrating to CreateAccounts (20141008044919)
  [1m[36mActiveRecord::SchemaMigration Load (0.2ms)[0m  [1mSELECT `schema_migrations`.* FROM `schema_migrations`[0m
Migrating to CreateAccounts (20141008044919)
  [1m[35m (20.9ms)[0m  CREATE TABLE `accounts` (`id` int(11) auto_increment PRIMARY KEY, `user_id` int(11) NOT NULL, `name` varchar(35) NOT NULL, `balance` int(11) DEFAULT 0, `description` text, `created_at` datetime, `updated_at` datetime) ENGINE=InnoDB
  [1m[36m (13.4ms)[0m  [1mCREATE  INDEX `index_accounts_on_user_id`  ON `accounts` (`user_id`) [0m
  [1m[35m (0.2ms)[0m  BEGIN
  [1m[36mSQL (0.4ms)[0m  [1mINSERT INTO `schema_migrations` (`version`) VALUES ('20141008044919')[0m
  [1m[35m (0.4ms)[0m  COMMIT
Migrating to CreateTransactions (20141008045354)
  [1m[36m (0.4ms)[0m  [1mCREATE TABLE `transactions` (`id` int(11) auto_increment PRIMARY KEY, `cash_flow` int(11) DEFAULT 0, `note` text DEFAULT '', `created_at` datetime, `updated_at` datetime) ENGINE=InnoDB[0m
Mysql2::Error: BLOB/TEXT column 'note' can't have a default value: CREATE TABLE `transactions` (`id` int(11) auto_increment PRIMARY KEY, `cash_flow` int(11) DEFAULT 0, `note` text DEFAULT '', `created_at` datetime, `updated_at` datetime) ENGINE=InnoDB
  [1m[36mActiveRecord::SchemaMigration Load (0.3ms)[0m  [1mSELECT `schema_migrations`.* FROM `schema_migrations`[0m
Migrating to CreateTransactions (20141008045354)
  [1m[35m (9.0ms)[0m  CREATE TABLE `transactions` (`id` int(11) auto_increment PRIMARY KEY, `cash_flow` int(11) DEFAULT 0, `note` text, `created_at` datetime, `updated_at` datetime) ENGINE=InnoDB
  [1m[36m (0.4ms)[0m  [1mCREATE  INDEX `index_transactions_on_account_id`  ON `transactions` (`account_id`) [0m
Mysql2::Error: Key column 'account_id' doesn't exist in table: CREATE  INDEX `index_transactions_on_account_id`  ON `transactions` (`account_id`) 
  [1m[36mActiveRecord::SchemaMigration Load (0.2ms)[0m  [1mSELECT `schema_migrations`.* FROM `schema_migrations`[0m
Migrating to CreateTransactions (20141008045354)
  [1m[35m (9.6ms)[0m  CREATE TABLE `transactions` (`id` int(11) auto_increment PRIMARY KEY, `account_id` int(11) NOT NULL, `cash_flow` int(11) DEFAULT 0, `note` text, `created_at` datetime, `updated_at` datetime) ENGINE=InnoDB
  [1m[36m (9.4ms)[0m  [1mCREATE  INDEX `index_transactions_on_account_id`  ON `transactions` (`account_id`) [0m
  [1m[35m (0.1ms)[0m  BEGIN
  [1m[36mSQL (0.2ms)[0m  [1mINSERT INTO `schema_migrations` (`version`) VALUES ('20141008045354')[0m
  [1m[35m (0.5ms)[0m  COMMIT
  [1m[36mActiveRecord::SchemaMigration Load (0.3ms)[0m  [1mSELECT `schema_migrations`.* FROM `schema_migrations`[0m
  [1m[36m (0.3ms)[0m  [1mSELECT version FROM schema_migrations[0m


Started GET "/" for 127.0.0.1 at 2014-10-08 01:18:29 -0400
  [1m[36mActiveRecord::SchemaMigration Load (0.3ms)[0m  [1mSELECT `schema_migrations`.* FROM `schema_migrations`[0m
Processing by UserController#index as HTML
  Rendered user/index.html.erb (1.8ms)
Completed 200 OK in 22ms (Views: 11.0ms | ActiveRecord: 0.0ms)


Started GET "/" for 127.0.0.1 at 2014-10-08 01:19:38 -0400
Processing by UserController#index as HTML
  Rendered user/index.html.erb (1.5ms)
Completed 200 OK in 3ms (Views: 2.3ms | ActiveRecord: 0.0ms)


Started GET "/account" for 127.0.0.1 at 2014-10-08 01:19:39 -0400
Processing by AccountController#index as HTML
  Rendered account/index.html.erb (0.7ms)
Completed 500 Internal Server Error in 3ms

SyntaxError (/Users/Tony/Sites/budgeting_tool/app/views/account/index.html.erb:2: `${' is not allowed as a global variable name
/Users/Tony/Sites/budgeting_tool/app/views/account/index.html.erb:2: syntax error, unexpected end-of-input
...reeze;@output_buffer.append=( ${id});@output_buffer.safe_app...
...                               ^):
  app/views/account/index.html.erb:2: `${' is not allowed as a global variable name
  app/views/account/index.html.erb:2: syntax error, unexpected end-of-input


  Rendered /Users/Tony/.rbenv/versions/2.1.2/lib/ruby/gems/2.1.0/gems/actionpack-4.1.5/lib/action_dispatch/middleware/templates/rescues/_source.erb (0.9ms)
  Rendered /Users/Tony/.rbenv/versions/2.1.2/lib/ruby/gems/2.1.0/gems/actionpack-4.1.5/lib/action_dispatch/middleware/templates/rescues/_trace.html.erb (1.8ms)
  Rendered /Users/Tony/.rbenv/versions/2.1.2/lib/ruby/gems/2.1.0/gems/actionpack-4.1.5/lib/action_dispatch/middleware/templates/rescues/_request_and_response.html.erb (1.7ms)
  Rendered /Users/Tony/.rbenv/versions/2.1.2/lib/ruby/gems/2.1.0/gems/actionpack-4.1.5/lib/action_dispatch/middleware/templates/rescues/diagnostics.erb within rescues/layout (25.6ms)


Started GET "/account" for 127.0.0.1 at 2014-10-08 01:20:51 -0400

SyntaxError (/Users/Tony/Sites/budgeting_tool/app/controllers/account_controller.rb:6: syntax error, unexpected ':', expecting keyword_end
    @user = params[:user_id].present? params[:user_id] : ""
                                                        ^):
  app/controllers/account_controller.rb:6: syntax error, unexpected ':', expecting keyword_end


  Rendered /Users/Tony/.rbenv/versions/2.1.2/lib/ruby/gems/2.1.0/gems/actionpack-4.1.5/lib/action_dispatch/middleware/templates/rescues/_source.erb (0.7ms)
  Rendered /Users/Tony/.rbenv/versions/2.1.2/lib/ruby/gems/2.1.0/gems/actionpack-4.1.5/lib/action_dispatch/middleware/templates/rescues/_trace.html.erb (1.1ms)
  Rendered /Users/Tony/.rbenv/versions/2.1.2/lib/ruby/gems/2.1.0/gems/actionpack-4.1.5/lib/action_dispatch/middleware/templates/rescues/_request_and_response.html.erb (1.0ms)
  Rendered /Users/Tony/.rbenv/versions/2.1.2/lib/ruby/gems/2.1.0/gems/actionpack-4.1.5/lib/action_dispatch/middleware/templates/rescues/diagnostics.erb within rescues/layout (19.8ms)


Started GET "/account" for 127.0.0.1 at 2014-10-08 01:21:28 -0400
Processing by AccountController#index as HTML
Completed 500 Internal Server Error in 1ms

NoMethodError (undefined method `present' for nil:NilClass):
  app/controllers/account_controller.rb:6:in `index'


  Rendered /Users/Tony/.rbenv/versions/2.1.2/lib/ruby/gems/2.1.0/gems/actionpack-4.1.5/lib/action_dispatch/middleware/templates/rescues/_source.erb (0.9ms)
  Rendered /Users/Tony/.rbenv/versions/2.1.2/lib/ruby/gems/2.1.0/gems/actionpack-4.1.5/lib/action_dispatch/middleware/templates/rescues/_trace.html.erb (1.3ms)
  Rendered /Users/Tony/.rbenv/versions/2.1.2/lib/ruby/gems/2.1.0/gems/actionpack-4.1.5/lib/action_dispatch/middleware/templates/rescues/_request_and_response.html.erb (1.0ms)
  Rendered /Users/Tony/.rbenv/versions/2.1.2/lib/ruby/gems/2.1.0/gems/actionpack-4.1.5/lib/action_dispatch/middleware/templates/rescues/diagnostics.erb within rescues/layout (18.0ms)


Started GET "/account" for 127.0.0.1 at 2014-10-08 01:21:29 -0400
Processing by AccountController#index as HTML
Completed 500 Internal Server Error in 0ms

NoMethodError (undefined method `present' for nil:NilClass):
  app/controllers/account_controller.rb:6:in `index'


  Rendered /Users/Tony/.rbenv/versions/2.1.2/lib/ruby/gems/2.1.0/gems/actionpack-4.1.5/lib/action_dispatch/middleware/templates/rescues/_source.erb (0.8ms)
  Rendered /Users/Tony/.rbenv/versions/2.1.2/lib/ruby/gems/2.1.0/gems/actionpack-4.1.5/lib/action_dispatch/middleware/templates/rescues/_trace.html.erb (1.3ms)
  Rendered /Users/Tony/.rbenv/versions/2.1.2/lib/ruby/gems/2.1.0/gems/actionpack-4.1.5/lib/action_dispatch/middleware/templates/rescues/_request_and_response.html.erb (1.0ms)
  Rendered /Users/Tony/.rbenv/versions/2.1.2/lib/ruby/gems/2.1.0/gems/actionpack-4.1.5/lib/action_dispatch/middleware/templates/rescues/diagnostics.erb within rescues/layout (20.3ms)


Started GET "/account" for 127.0.0.1 at 2014-10-08 01:21:53 -0400
Processing by AccountController#index as HTML
  Rendered account/index.html.erb (0.4ms)
Completed 500 Internal Server Error in 2ms

SyntaxError (/Users/Tony/Sites/budgeting_tool/app/views/account/index.html.erb:2: `${' is not allowed as a global variable name
/Users/Tony/Sites/budgeting_tool/app/views/account/index.html.erb:2: syntax error, unexpected end-of-input
...reeze;@output_buffer.append=( ${id});@output_buffer.safe_app...
...                               ^):
  app/views/account/index.html.erb:2: `${' is not allowed as a global variable name
  app/views/account/index.html.erb:2: syntax error, unexpected end-of-input


  Rendered /Users/Tony/.rbenv/versions/2.1.2/lib/ruby/gems/2.1.0/gems/actionpack-4.1.5/lib/action_dispatch/middleware/templates/rescues/_source.erb (1.0ms)
  Rendered /Users/Tony/.rbenv/versions/2.1.2/lib/ruby/gems/2.1.0/gems/actionpack-4.1.5/lib/action_dispatch/middleware/templates/rescues/_trace.html.erb (2.5ms)
  Rendered /Users/Tony/.rbenv/versions/2.1.2/lib/ruby/gems/2.1.0/gems/actionpack-4.1.5/lib/action_dispatch/middleware/templates/rescues/_request_and_response.html.erb (1.5ms)
  Rendered /Users/Tony/.rbenv/versions/2.1.2/lib/ruby/gems/2.1.0/gems/actionpack-4.1.5/lib/action_dispatch/middleware/templates/rescues/diagnostics.erb within rescues/layout (23.8ms)


Started GET "/account" for 127.0.0.1 at 2014-10-08 01:22:48 -0400
Processing by AccountController#index as HTML
  Rendered account/index.html.erb (1.3ms)
Completed 500 Internal Server Error in 2ms

ActionView::Template::Error (undefined method `present' for "":String):
    1: <h1>Account#index</h1>
    2: <p>You are viewing <%= @id %></p>
    3: 
    4: <% if @user.present %>
    5:   <p> Hello user #<%= @user %>. You are viewing your accounts.
    6: <% end %>
  app/views/account/index.html.erb:4:in `_app_views_account_index_html_erb___1739304634328619912_70318695620180'


  Rendered /Users/Tony/.rbenv/versions/2.1.2/lib/ruby/gems/2.1.0/gems/actionpack-4.1.5/lib/action_dispatch/middleware/templates/rescues/_trace.html.erb (2.3ms)
  Rendered /Users/Tony/.rbenv/versions/2.1.2/lib/ruby/gems/2.1.0/gems/actionpack-4.1.5/lib/action_dispatch/middleware/templates/rescues/_request_and_response.html.erb (1.6ms)
  Rendered /Users/Tony/.rbenv/versions/2.1.2/lib/ruby/gems/2.1.0/gems/actionpack-4.1.5/lib/action_dispatch/middleware/templates/rescues/template_error.html.erb within rescues/layout (26.9ms)


Started GET "/account" for 127.0.0.1 at 2014-10-08 01:22:49 -0400
Processing by AccountController#index as HTML
  Rendered account/index.html.erb (1.1ms)
Completed 500 Internal Server Error in 3ms

ActionView::Template::Error (undefined method `present' for "":String):
    1: <h1>Account#index</h1>
    2: <p>You are viewing <%= @id %></p>
    3: 
    4: <% if @user.present %>
    5:   <p> Hello user #<%= @user %>. You are viewing your accounts.
    6: <% end %>
  app/views/account/index.html.erb:4:in `_app_views_account_index_html_erb___1739304634328619912_70318695620180'


  Rendered /Users/Tony/.rbenv/versions/2.1.2/lib/ruby/gems/2.1.0/gems/actionpack-4.1.5/lib/action_dispatch/middleware/templates/rescues/_trace.html.erb (1.7ms)
  Rendered /Users/Tony/.rbenv/versions/2.1.2/lib/ruby/gems/2.1.0/gems/actionpack-4.1.5/lib/action_dispatch/middleware/templates/rescues/_request_and_response.html.erb (1.2ms)
  Rendered /Users/Tony/.rbenv/versions/2.1.2/lib/ruby/gems/2.1.0/gems/actionpack-4.1.5/lib/action_dispatch/middleware/templates/rescues/template_error.html.erb within rescues/layout (15.7ms)


Started GET "/account" for 127.0.0.1 at 2014-10-08 01:22:54 -0400
Processing by AccountController#index as HTML
  Rendered account/index.html.erb (0.6ms)
Completed 200 OK in 3ms (Views: 2.3ms | ActiveRecord: 0.0ms)


Started GET "/account" for 127.0.0.1 at 2014-10-08 01:23:13 -0400
Processing by AccountController#index as HTML
  Rendered account/index.html.erb (1.1ms)
Completed 200 OK in 3ms (Views: 2.5ms | ActiveRecord: 0.0ms)


Started GET "/account" for 127.0.0.1 at 2014-10-08 01:23:44 -0400
Processing by AccountController#index as HTML
  Rendered account/index.html.erb (1.0ms)
Completed 200 OK in 3ms (Views: 2.5ms | ActiveRecord: 0.0ms)


Started GET "/account" for 127.0.0.1 at 2014-10-08 01:23:45 -0400
Processing by AccountController#index as HTML
  Rendered account/index.html.erb (0.0ms)
Completed 200 OK in 1ms (Views: 0.8ms | ActiveRecord: 0.0ms)


Started GET "/account" for 127.0.0.1 at 2014-10-08 01:23:46 -0400
Processing by AccountController#index as HTML
  Rendered account/index.html.erb (0.1ms)
Completed 200 OK in 2ms (Views: 1.2ms | ActiveRecord: 0.0ms)


Started GET "/account" for 127.0.0.1 at 2014-10-08 01:24:23 -0400
Processing by AccountController#index as HTML
  Rendered account/index.html.erb (0.6ms)
Completed 500 Internal Server Error in 3ms

SyntaxError (/Users/Tony/Sites/budgeting_tool/app/views/account/index.html.erb:2: syntax error, unexpected ':', expecting ')'
...fer.append=( @id.present? @id : 0 );@output_buffer.safe_appe...
...                               ^):
  app/views/account/index.html.erb:2: syntax error, unexpected ':', expecting ')'


  Rendered /Users/Tony/.rbenv/versions/2.1.2/lib/ruby/gems/2.1.0/gems/actionpack-4.1.5/lib/action_dispatch/middleware/templates/rescues/_source.erb (1.6ms)
  Rendered /Users/Tony/.rbenv/versions/2.1.2/lib/ruby/gems/2.1.0/gems/actionpack-4.1.5/lib/action_dispatch/middleware/templates/rescues/_trace.html.erb (2.0ms)
  Rendered /Users/Tony/.rbenv/versions/2.1.2/lib/ruby/gems/2.1.0/gems/actionpack-4.1.5/lib/action_dispatch/middleware/templates/rescues/_request_and_response.html.erb (1.2ms)
  Rendered /Users/Tony/.rbenv/versions/2.1.2/lib/ruby/gems/2.1.0/gems/actionpack-4.1.5/lib/action_dispatch/middleware/templates/rescues/diagnostics.erb within rescues/layout (23.0ms)


Started GET "/account" for 127.0.0.1 at 2014-10-08 01:24:46 -0400
Processing by AccountController#index as HTML
  Rendered account/index.html.erb (0.7ms)
Completed 500 Internal Server Error in 2ms

SyntaxError (/Users/Tony/Sites/budgeting_tool/app/views/account/index.html.erb:2: syntax error, unexpected ':', expecting ')'
...er.append=( (@id.present? @id : 0) );@output_buffer.safe_app...
...                               ^):
  app/views/account/index.html.erb:2: syntax error, unexpected ':', expecting ')'


  Rendered /Users/Tony/.rbenv/versions/2.1.2/lib/ruby/gems/2.1.0/gems/actionpack-4.1.5/lib/action_dispatch/middleware/templates/rescues/_source.erb (1.2ms)
  Rendered /Users/Tony/.rbenv/versions/2.1.2/lib/ruby/gems/2.1.0/gems/actionpack-4.1.5/lib/action_dispatch/middleware/templates/rescues/_trace.html.erb (2.1ms)
  Rendered /Users/Tony/.rbenv/versions/2.1.2/lib/ruby/gems/2.1.0/gems/actionpack-4.1.5/lib/action_dispatch/middleware/templates/rescues/_request_and_response.html.erb (0.9ms)
  Rendered /Users/Tony/.rbenv/versions/2.1.2/lib/ruby/gems/2.1.0/gems/actionpack-4.1.5/lib/action_dispatch/middleware/templates/rescues/diagnostics.erb within rescues/layout (20.7ms)


Started GET "/account" for 127.0.0.1 at 2014-10-08 01:24:46 -0400
Processing by AccountController#index as HTML
  Rendered account/index.html.erb (0.5ms)
Completed 500 Internal Server Error in 2ms

SyntaxError (/Users/Tony/Sites/budgeting_tool/app/views/account/index.html.erb:2: syntax error, unexpected ':', expecting ')'
...er.append=( (@id.present? @id : 0) );@output_buffer.safe_app...
...                               ^):
  app/views/account/index.html.erb:2: syntax error, unexpected ':', expecting ')'


  Rendered /Users/Tony/.rbenv/versions/2.1.2/lib/ruby/gems/2.1.0/gems/actionpack-4.1.5/lib/action_dispatch/middleware/templates/rescues/_source.erb (0.9ms)
  Rendered /Users/Tony/.rbenv/versions/2.1.2/lib/ruby/gems/2.1.0/gems/actionpack-4.1.5/lib/action_dispatch/middleware/templates/rescues/_trace.html.erb (3.6ms)
  Rendered /Users/Tony/.rbenv/versions/2.1.2/lib/ruby/gems/2.1.0/gems/actionpack-4.1.5/lib/action_dispatch/middleware/templates/rescues/_request_and_response.html.erb (1.1ms)
  Rendered /Users/Tony/.rbenv/versions/2.1.2/lib/ruby/gems/2.1.0/gems/actionpack-4.1.5/lib/action_dispatch/middleware/templates/rescues/diagnostics.erb within rescues/layout (24.5ms)


Started GET "/account" for 127.0.0.1 at 2014-10-08 01:24:58 -0400
Processing by AccountController#index as HTML
  Rendered account/index.html.erb (0.9ms)
Completed 500 Internal Server Error in 4ms

SyntaxError (/Users/Tony/Sites/budgeting_tool/app/views/account/index.html.erb:2: syntax error, unexpected ':', expecting keyword_end
...t #'.freeze; @id.present? @id : 0 ;@output_buffer.safe_appen...
...                               ^):
  app/views/account/index.html.erb:2: syntax error, unexpected ':', expecting keyword_end


  Rendered /Users/Tony/.rbenv/versions/2.1.2/lib/ruby/gems/2.1.0/gems/actionpack-4.1.5/lib/action_dispatch/middleware/templates/rescues/_source.erb (1.1ms)
  Rendered /Users/Tony/.rbenv/versions/2.1.2/lib/ruby/gems/2.1.0/gems/actionpack-4.1.5/lib/action_dispatch/middleware/templates/rescues/_trace.html.erb (1.6ms)
  Rendered /Users/Tony/.rbenv/versions/2.1.2/lib/ruby/gems/2.1.0/gems/actionpack-4.1.5/lib/action_dispatch/middleware/templates/rescues/_request_and_response.html.erb (1.0ms)
  Rendered /Users/Tony/.rbenv/versions/2.1.2/lib/ruby/gems/2.1.0/gems/actionpack-4.1.5/lib/action_dispatch/middleware/templates/rescues/diagnostics.erb within rescues/layout (17.3ms)


Started GET "/account" for 127.0.0.1 at 2014-10-08 01:24:59 -0400
Processing by AccountController#index as HTML
  Rendered account/index.html.erb (0.7ms)
Completed 500 Internal Server Error in 2ms

SyntaxError (/Users/Tony/Sites/budgeting_tool/app/views/account/index.html.erb:2: syntax error, unexpected ':', expecting keyword_end
...t #'.freeze; @id.present? @id : 0 ;@output_buffer.safe_appen...
...                               ^):
  app/views/account/index.html.erb:2: syntax error, unexpected ':', expecting keyword_end


  Rendered /Users/Tony/.rbenv/versions/2.1.2/lib/ruby/gems/2.1.0/gems/actionpack-4.1.5/lib/action_dispatch/middleware/templates/rescues/_source.erb (0.9ms)
  Rendered /Users/Tony/.rbenv/versions/2.1.2/lib/ruby/gems/2.1.0/gems/actionpack-4.1.5/lib/action_dispatch/middleware/templates/rescues/_trace.html.erb (2.2ms)
  Rendered /Users/Tony/.rbenv/versions/2.1.2/lib/ruby/gems/2.1.0/gems/actionpack-4.1.5/lib/action_dispatch/middleware/templates/rescues/_request_and_response.html.erb (1.4ms)
  Rendered /Users/Tony/.rbenv/versions/2.1.2/lib/ruby/gems/2.1.0/gems/actionpack-4.1.5/lib/action_dispatch/middleware/templates/rescues/diagnostics.erb within rescues/layout (22.2ms)


Started GET "/account" for 127.0.0.1 at 2014-10-08 01:24:59 -0400
Processing by AccountController#index as HTML
  Rendered account/index.html.erb (0.6ms)
Completed 500 Internal Server Error in 2ms

SyntaxError (/Users/Tony/Sites/budgeting_tool/app/views/account/index.html.erb:2: syntax error, unexpected ':', expecting keyword_end
...t #'.freeze; @id.present? @id : 0 ;@output_buffer.safe_appen...
...                               ^):
  app/views/account/index.html.erb:2: syntax error, unexpected ':', expecting keyword_end


  Rendered /Users/Tony/.rbenv/versions/2.1.2/lib/ruby/gems/2.1.0/gems/actionpack-4.1.5/lib/action_dispatch/middleware/templates/rescues/_source.erb (0.7ms)
  Rendered /Users/Tony/.rbenv/versions/2.1.2/lib/ruby/gems/2.1.0/gems/actionpack-4.1.5/lib/action_dispatch/middleware/templates/rescues/_trace.html.erb (2.6ms)
  Rendered /Users/Tony/.rbenv/versions/2.1.2/lib/ruby/gems/2.1.0/gems/actionpack-4.1.5/lib/action_dispatch/middleware/templates/rescues/_request_and_response.html.erb (1.5ms)
  Rendered /Users/Tony/.rbenv/versions/2.1.2/lib/ruby/gems/2.1.0/gems/actionpack-4.1.5/lib/action_dispatch/middleware/templates/rescues/diagnostics.erb within rescues/layout (20.5ms)


Started GET "/account" for 127.0.0.1 at 2014-10-08 01:25:08 -0400
Processing by AccountController#index as HTML
  Rendered account/index.html.erb (0.6ms)
Completed 200 OK in 2ms (Views: 1.5ms | ActiveRecord: 0.0ms)


Started GET "/account/594" for 127.0.0.1 at 2014-10-08 01:25:14 -0400

AbstractController::ActionNotFound (The action '594' could not be found for AccountController):
  actionpack (4.1.5) lib/abstract_controller/base.rb:131:in `process'
  actionview (4.1.5) lib/action_view/rendering.rb:30:in `process'
  actionpack (4.1.5) lib/action_controller/metal.rb:196:in `dispatch'
  actionpack (4.1.5) lib/action_controller/metal/rack_delegation.rb:13:in `dispatch'
  actionpack (4.1.5) lib/action_controller/metal.rb:232:in `block in action'
  actionpack (4.1.5) lib/action_dispatch/routing/route_set.rb:82:in `call'
  actionpack (4.1.5) lib/action_dispatch/routing/route_set.rb:82:in `dispatch'
  actionpack (4.1.5) lib/action_dispatch/routing/route_set.rb:50:in `call'
  actionpack (4.1.5) lib/action_dispatch/journey/router.rb:71:in `block in call'
  actionpack (4.1.5) lib/action_dispatch/journey/router.rb:59:in `each'
  actionpack (4.1.5) lib/action_dispatch/journey/router.rb:59:in `call'
  actionpack (4.1.5) lib/action_dispatch/routing/route_set.rb:678:in `call'
  rack (1.5.2) lib/rack/etag.rb:23:in `call'
  rack (1.5.2) lib/rack/conditionalget.rb:25:in `call'
  rack (1.5.2) lib/rack/head.rb:11:in `call'
  actionpack (4.1.5) lib/action_dispatch/middleware/params_parser.rb:27:in `call'
  actionpack (4.1.5) lib/action_dispatch/middleware/flash.rb:254:in `call'
  rack (1.5.2) lib/rack/session/abstract/id.rb:225:in `context'
  rack (1.5.2) lib/rack/session/abstract/id.rb:220:in `call'
  actionpack (4.1.5) lib/action_dispatch/middleware/cookies.rb:560:in `call'
  activerecord (4.1.5) lib/active_record/query_cache.rb:36:in `call'
  activerecord (4.1.5) lib/active_record/connection_adapters/abstract/connection_pool.rb:621:in `call'
  activerecord (4.1.5) lib/active_record/migration.rb:380:in `call'
  actionpack (4.1.5) lib/action_dispatch/middleware/callbacks.rb:29:in `block in call'
  activesupport (4.1.5) lib/active_support/callbacks.rb:82:in `run_callbacks'
  actionpack (4.1.5) lib/action_dispatch/middleware/callbacks.rb:27:in `call'
  actionpack (4.1.5) lib/action_dispatch/middleware/reloader.rb:73:in `call'
  actionpack (4.1.5) lib/action_dispatch/middleware/remote_ip.rb:76:in `call'
  actionpack (4.1.5) lib/action_dispatch/middleware/debug_exceptions.rb:17:in `call'
  actionpack (4.1.5) lib/action_dispatch/middleware/show_exceptions.rb:30:in `call'
  railties (4.1.5) lib/rails/rack/logger.rb:38:in `call_app'
  railties (4.1.5) lib/rails/rack/logger.rb:20:in `block in call'
  activesupport (4.1.5) lib/active_support/tagged_logging.rb:68:in `block in tagged'
  activesupport (4.1.5) lib/active_support/tagged_logging.rb:26:in `tagged'
  activesupport (4.1.5) lib/active_support/tagged_logging.rb:68:in `tagged'
  railties (4.1.5) lib/rails/rack/logger.rb:20:in `call'
  actionpack (4.1.5) lib/action_dispatch/middleware/request_id.rb:21:in `call'
  rack (1.5.2) lib/rack/methodoverride.rb:21:in `call'
  rack (1.5.2) lib/rack/runtime.rb:17:in `call'
  activesupport (4.1.5) lib/active_support/cache/strategy/local_cache_middleware.rb:26:in `call'
  rack (1.5.2) lib/rack/lock.rb:17:in `call'
  actionpack (4.1.5) lib/action_dispatch/middleware/static.rb:64:in `call'
  rack (1.5.2) lib/rack/sendfile.rb:112:in `call'
  railties (4.1.5) lib/rails/engine.rb:514:in `call'
  railties (4.1.5) lib/rails/application.rb:144:in `call'
  rack (1.5.2) lib/rack/lock.rb:17:in `call'
  rack (1.5.2) lib/rack/content_length.rb:14:in `call'
  rack (1.5.2) lib/rack/handler/webrick.rb:60:in `service'
  /Users/Tony/.rbenv/versions/2.1.2/lib/ruby/2.1.0/webrick/httpserver.rb:138:in `service'
  /Users/Tony/.rbenv/versions/2.1.2/lib/ruby/2.1.0/webrick/httpserver.rb:94:in `run'
  /Users/Tony/.rbenv/versions/2.1.2/lib/ruby/2.1.0/webrick/server.rb:295:in `block in start_thread'


  Rendered /Users/Tony/.rbenv/versions/2.1.2/lib/ruby/gems/2.1.0/gems/actionpack-4.1.5/lib/action_dispatch/middleware/templates/rescues/unknown_action.html.erb within rescues/layout (0.5ms)


Started GET "/account/index/594" for 127.0.0.1 at 2014-10-08 01:25:27 -0400
Processing by AccountController#index as HTML
  Parameters: {"id"=>"594"}
  Rendered account/index.html.erb (0.1ms)
Completed 200 OK in 1ms (Views: 0.9ms | ActiveRecord: 0.0ms)


Started GET "/account/" for 127.0.0.1 at 2014-10-08 01:29:51 -0400

AbstractController::ActionNotFound (The action 'index' could not be found for AccountController):
  actionpack (4.1.5) lib/abstract_controller/base.rb:131:in `process'
  actionview (4.1.5) lib/action_view/rendering.rb:30:in `process'
  actionpack (4.1.5) lib/action_controller/metal.rb:196:in `dispatch'
  actionpack (4.1.5) lib/action_controller/metal/rack_delegation.rb:13:in `dispatch'
  actionpack (4.1.5) lib/action_controller/metal.rb:232:in `block in action'
  actionpack (4.1.5) lib/action_dispatch/routing/route_set.rb:82:in `call'
  actionpack (4.1.5) lib/action_dispatch/routing/route_set.rb:82:in `dispatch'
  actionpack (4.1.5) lib/action_dispatch/routing/route_set.rb:50:in `call'
  actionpack (4.1.5) lib/action_dispatch/journey/router.rb:71:in `block in call'
  actionpack (4.1.5) lib/action_dispatch/journey/router.rb:59:in `each'
  actionpack (4.1.5) lib/action_dispatch/journey/router.rb:59:in `call'
  actionpack (4.1.5) lib/action_dispatch/routing/route_set.rb:678:in `call'
  rack (1.5.2) lib/rack/etag.rb:23:in `call'
  rack (1.5.2) lib/rack/conditionalget.rb:25:in `call'
  rack (1.5.2) lib/rack/head.rb:11:in `call'
  actionpack (4.1.5) lib/action_dispatch/middleware/params_parser.rb:27:in `call'
  actionpack (4.1.5) lib/action_dispatch/middleware/flash.rb:254:in `call'
  rack (1.5.2) lib/rack/session/abstract/id.rb:225:in `context'
  rack (1.5.2) lib/rack/session/abstract/id.rb:220:in `call'
  actionpack (4.1.5) lib/action_dispatch/middleware/cookies.rb:560:in `call'
  activerecord (4.1.5) lib/active_record/query_cache.rb:36:in `call'
  activerecord (4.1.5) lib/active_record/connection_adapters/abstract/connection_pool.rb:621:in `call'
  activerecord (4.1.5) lib/active_record/migration.rb:380:in `call'
  actionpack (4.1.5) lib/action_dispatch/middleware/callbacks.rb:29:in `block in call'
  activesupport (4.1.5) lib/active_support/callbacks.rb:82:in `run_callbacks'
  actionpack (4.1.5) lib/action_dispatch/middleware/callbacks.rb:27:in `call'
  actionpack (4.1.5) lib/action_dispatch/middleware/reloader.rb:73:in `call'
  actionpack (4.1.5) lib/action_dispatch/middleware/remote_ip.rb:76:in `call'
  actionpack (4.1.5) lib/action_dispatch/middleware/debug_exceptions.rb:17:in `call'
  actionpack (4.1.5) lib/action_dispatch/middleware/show_exceptions.rb:30:in `call'
  railties (4.1.5) lib/rails/rack/logger.rb:38:in `call_app'
  railties (4.1.5) lib/rails/rack/logger.rb:20:in `block in call'
  activesupport (4.1.5) lib/active_support/tagged_logging.rb:68:in `block in tagged'
  activesupport (4.1.5) lib/active_support/tagged_logging.rb:26:in `tagged'
  activesupport (4.1.5) lib/active_support/tagged_logging.rb:68:in `tagged'
  railties (4.1.5) lib/rails/rack/logger.rb:20:in `call'
  actionpack (4.1.5) lib/action_dispatch/middleware/request_id.rb:21:in `call'
  rack (1.5.2) lib/rack/methodoverride.rb:21:in `call'
  rack (1.5.2) lib/rack/runtime.rb:17:in `call'
  activesupport (4.1.5) lib/active_support/cache/strategy/local_cache_middleware.rb:26:in `call'
  rack (1.5.2) lib/rack/lock.rb:17:in `call'
  actionpack (4.1.5) lib/action_dispatch/middleware/static.rb:64:in `call'
  rack (1.5.2) lib/rack/sendfile.rb:112:in `call'
  railties (4.1.5) lib/rails/engine.rb:514:in `call'
  railties (4.1.5) lib/rails/application.rb:144:in `call'
  rack (1.5.2) lib/rack/lock.rb:17:in `call'
  rack (1.5.2) lib/rack/content_length.rb:14:in `call'
  rack (1.5.2) lib/rack/handler/webrick.rb:60:in `service'
  /Users/Tony/.rbenv/versions/2.1.2/lib/ruby/2.1.0/webrick/httpserver.rb:138:in `service'
  /Users/Tony/.rbenv/versions/2.1.2/lib/ruby/2.1.0/webrick/httpserver.rb:94:in `run'
  /Users/Tony/.rbenv/versions/2.1.2/lib/ruby/2.1.0/webrick/server.rb:295:in `block in start_thread'


  Rendered /Users/Tony/.rbenv/versions/2.1.2/lib/ruby/gems/2.1.0/gems/actionpack-4.1.5/lib/action_dispatch/middleware/templates/rescues/unknown_action.html.erb within rescues/layout (0.6ms)


Started GET "/account/" for 127.0.0.1 at 2014-10-08 01:30:27 -0400
Processing by AccountController#index as HTML
  Rendered account/view.html.erb (0.9ms)
Completed 200 OK in 3ms (Views: 2.2ms | ActiveRecord: 0.0ms)


Started GET "/" for 127.0.0.1 at 2014-10-08 01:31:00 -0400
Processing by UserController#index as HTML
  Rendered user/index.html.erb (1.0ms)
Completed 200 OK in 3ms (Views: 2.4ms | ActiveRecord: 0.0ms)


Started GET "/account/view" for 127.0.0.1 at 2014-10-08 01:31:03 -0400
Processing by AccountController#view as HTML
  Rendered account/view.html.erb (0.1ms)
Completed 200 OK in 3ms (Views: 1.9ms | ActiveRecord: 0.0ms)


Started GET "/" for 127.0.0.1 at 2014-10-08 01:31:15 -0400
Processing by UserController#index as HTML
  Rendered user/index.html.erb (2.5ms)
Completed 200 OK in 6ms (Views: 4.5ms | ActiveRecord: 0.0ms)


Started GET "/account/view/503" for 127.0.0.1 at 2014-10-08 01:31:17 -0400
Processing by AccountController#view as HTML
  Parameters: {"id"=>"503"}
  Rendered account/view.html.erb (0.1ms)
Completed 200 OK in 2ms (Views: 1.1ms | ActiveRecord: 0.0ms)


Started GET "/account/view/503" for 127.0.0.1 at 2014-10-08 01:32:36 -0400
Processing by AccountController#view as HTML
  Parameters: {"id"=>"503"}
  Rendered account/view.html.erb (0.1ms)
Completed 200 OK in 1ms (Views: 0.9ms | ActiveRecord: 0.0ms)


Started GET "/" for 127.0.0.1 at 2014-10-08 01:32:38 -0400
Processing by UserController#index as HTML
  Rendered user/index.html.erb (2.3ms)
Completed 200 OK in 4ms (Views: 3.3ms | ActiveRecord: 0.0ms)


Started GET "/" for 127.0.0.1 at 2014-10-08 01:33:04 -0400
Processing by UserController#index as HTML
  Rendered user/index.html.erb (1.5ms)
Completed 200 OK in 3ms (Views: 2.5ms | ActiveRecord: 0.0ms)


Started GET "/account/view/503" for 127.0.0.1 at 2014-10-08 01:33:07 -0400
Processing by AccountController#view as HTML
  Parameters: {"id"=>"503"}
  Rendered account/view.html.erb (0.1ms)
Completed 200 OK in 2ms (Views: 1.1ms | ActiveRecord: 0.0ms)


Started GET "/account/view/503?user_id=0350391" for 127.0.0.1 at 2014-10-08 01:33:09 -0400
Processing by AccountController#view as HTML
  Parameters: {"user_id"=>"0350391", "id"=>"503"}
  Rendered account/view.html.erb (0.1ms)
Completed 200 OK in 2ms (Views: 1.2ms | ActiveRecord: 0.0ms)


Started GET "/account/view" for 127.0.0.1 at 2014-10-08 01:33:13 -0400
Processing by AccountController#view as HTML
  Rendered account/view.html.erb (0.1ms)
Completed 200 OK in 1ms (Views: 1.0ms | ActiveRecord: 0.0ms)


Started GET "/" for 127.0.0.1 at 2014-10-08 01:35:41 -0400
Processing by UserController#index as HTML
  Rendered user/index.html.erb (3.3ms)
Completed 200 OK in 6ms (Views: 5.5ms | ActiveRecord: 0.0ms)


Started GET "/user/login" for 127.0.0.1 at 2014-10-08 01:35:45 -0400
Processing by UserController#login as HTML
  Rendered user/login.html.erb (2.2ms)
Completed 200 OK in 4ms (Views: 3.6ms | ActiveRecord: 0.0ms)


Started GET "/user/login" for 127.0.0.1 at 2014-10-08 01:36:09 -0400
Processing by UserController#login as HTML
  Rendered user/login.html.erb (0.4ms)
Completed 200 OK in 2ms (Views: 1.3ms | ActiveRecord: 0.0ms)


Started GET "/user/login" for 127.0.0.1 at 2014-10-08 01:36:29 -0400
Processing by UserController#login as HTML
  Rendered user/login.html.erb (0.5ms)
Completed 200 OK in 2ms (Views: 1.7ms | ActiveRecord: 0.0ms)


Started GET "/user/login" for 127.0.0.1 at 2014-10-08 01:36:31 -0400
Processing by UserController#login as HTML
  Rendered user/login.html.erb (0.1ms)
Completed 200 OK in 1ms (Views: 0.9ms | ActiveRecord: 0.0ms)


Started GET "/user/login" for 127.0.0.1 at 2014-10-08 01:36:36 -0400
Processing by UserController#login as HTML
  Rendered user/login.html.erb (0.8ms)
Completed 200 OK in 3ms (Views: 2.0ms | ActiveRecord: 0.0ms)


Started GET "/" for 127.0.0.1 at 2014-10-08 01:36:38 -0400
Processing by UserController#index as HTML
  Rendered user/index.html.erb (1.5ms)
Completed 200 OK in 3ms (Views: 2.5ms | ActiveRecord: 0.0ms)


Started GET "/account/view" for 127.0.0.1 at 2014-10-08 01:36:41 -0400
Processing by AccountController#view as HTML
  Rendered account/view.html.erb (0.1ms)
Completed 200 OK in 2ms (Views: 1.4ms | ActiveRecord: 0.0ms)


Started GET "/account/view/503" for 127.0.0.1 at 2014-10-08 01:36:44 -0400
Processing by AccountController#view as HTML
  Parameters: {"id"=>"503"}
  Rendered account/view.html.erb (0.1ms)
Completed 200 OK in 1ms (Views: 0.9ms | ActiveRecord: 0.0ms)


Started GET "/account/view/503?user_id=0350391" for 127.0.0.1 at 2014-10-08 01:36:46 -0400
Processing by AccountController#view as HTML
  Parameters: {"user_id"=>"0350391", "id"=>"503"}
  Rendered account/view.html.erb (0.1ms)
Completed 200 OK in 1ms (Views: 0.9ms | ActiveRecord: 0.0ms)
  [1m[36m (0.4ms)[0m  [1mSELECT version FROM schema_migrations[0m
  [1m[36mActiveRecord::SchemaMigration Load (0.3ms)[0m  [1mSELECT `schema_migrations`.* FROM `schema_migrations`[0m
Migrating to EditAccounts (20141010041045)
  [1m[35m (39.9ms)[0m  ALTER TABLE `accounts` ADD `account_number` varchar(255)
  [1m[36m (0.1ms)[0m  [1mBEGIN[0m
  [1m[35mSQL (0.4ms)[0m  INSERT INTO `schema_migrations` (`version`) VALUES ('20141010041045')
  [1m[36m (18.1ms)[0m  [1mCOMMIT[0m
  [1m[35mActiveRecord::SchemaMigration Load (0.3ms)[0m  SELECT `schema_migrations`.* FROM `schema_migrations`
  [1m[36m (0.3ms)[0m  [1mSELECT version FROM schema_migrations[0m
  [1m[36mActiveRecord::SchemaMigration Load (0.3ms)[0m  [1mSELECT `schema_migrations`.* FROM `schema_migrations`[0m
  [1m[35mActiveRecord::SchemaMigration Load (0.3ms)[0m  SELECT `schema_migrations`.* FROM `schema_migrations`
  [1m[36mActiveRecord::SchemaMigration Load (0.2ms)[0m  [1mSELECT `schema_migrations`.* FROM `schema_migrations`[0m
Migrating to EditAccounts (20141010041045)
  [1m[35m (15.7ms)[0m  ALTER TABLE `accounts` DROP `account_number`
  [1m[36mSQL (6.7ms)[0m  [1mDELETE FROM `schema_migrations` WHERE `schema_migrations`.`version` = '20141010041045'[0m
  [1m[35mActiveRecord::SchemaMigration Load (0.3ms)[0m  SELECT `schema_migrations`.* FROM `schema_migrations`
  [1m[36m (0.2ms)[0m  [1mSELECT version FROM schema_migrations[0m
  [1m[36mActiveRecord::SchemaMigration Load (0.4ms)[0m  [1mSELECT `schema_migrations`.* FROM `schema_migrations`[0m
Migrating to EditAccounts (20141010041045)
  [1m[35m (14.2ms)[0m  ALTER TABLE `accounts` ADD `account_number` varchar(255)
  [1m[36m (0.1ms)[0m  [1mBEGIN[0m
  [1m[35mSQL (0.3ms)[0m  INSERT INTO `schema_migrations` (`version`) VALUES ('20141010041045')
  [1m[36m (0.3ms)[0m  [1mCOMMIT[0m
  [1m[35mActiveRecord::SchemaMigration Load (0.3ms)[0m  SELECT `schema_migrations`.* FROM `schema_migrations`
  [1m[36m (0.3ms)[0m  [1mBEGIN[0m
  [1m[35mSQL (0.3ms)[0m  INSERT INTO `users` (`created_at`, `email`, `first_name`, `last_name`, `updated_at`, `username`) VALUES ('2014-10-10 04:15:12', 'abc@abc', 'bob', 'shin', '2014-10-10 04:15:12', 'first_user')
  [1m[36m (0.9ms)[0m  [1mCOMMIT[0m
  [1m[35mAccount Load (5.2ms)[0m  SELECT `accounts`.* FROM `accounts`  WHERE `accounts`.`user_id` = 1
  [1m[36m (0.5ms)[0m  [1mBEGIN[0m
  [1m[35mSQL (0.3ms)[0m  INSERT INTO `accounts` (`account_number`, `created_at`, `name`, `updated_at`, `user_id`) VALUES ('12345', '2014-10-10 04:17:04', 'TD chequing', '2014-10-10 04:17:04', 1)
  [1m[36m (5.8ms)[0m  [1mCOMMIT[0m
  [1m[36m (0.2ms)[0m  [1mSELECT version FROM schema_migrations[0m
  [1m[36mActiveRecord::SchemaMigration Load (0.3ms)[0m  [1mSELECT `schema_migrations`.* FROM `schema_migrations`[0m
  [1m[35mActiveRecord::SchemaMigration Load (0.2ms)[0m  SELECT `schema_migrations`.* FROM `schema_migrations`
  [1m[36mActiveRecord::SchemaMigration Load (0.2ms)[0m  [1mSELECT `schema_migrations`.* FROM `schema_migrations`[0m
Migrating to EditAccounts (20141010041045)
  [1m[35m (15.1ms)[0m  ALTER TABLE `accounts` DROP `account_number`
  [1m[36mSQL (0.6ms)[0m  [1mDELETE FROM `schema_migrations` WHERE `schema_migrations`.`version` = '20141010041045'[0m
  [1m[35mActiveRecord::SchemaMigration Load (0.3ms)[0m  SELECT `schema_migrations`.* FROM `schema_migrations`
  [1m[36mActiveRecord::SchemaMigration Load (0.3ms)[0m  [1mSELECT `schema_migrations`.* FROM `schema_migrations`[0m
Migrating to EditAccounts (20141010041045)
  [1m[35m (18.4ms)[0m  ALTER TABLE `accounts` ADD `account_number` varchar(255)
  [1m[36m (0.2ms)[0m  [1mBEGIN[0m
  [1m[35mSQL (0.3ms)[0m  INSERT INTO `schema_migrations` (`version`) VALUES ('20141010041045')
  [1m[36m (0.6ms)[0m  [1mCOMMIT[0m
  [1m[35mActiveRecord::SchemaMigration Load (0.3ms)[0m  SELECT `schema_migrations`.* FROM `schema_migrations`
